Analysis & Synthesis report for IARITH
Wed Nov 12 16:59:54 2025
Quartus Prime Version 18.1.0 Build 625 09/12/2018 SJ Lite Edition


---------------------
; Table of Contents ;
---------------------
  1. Legal Notice
  2. Analysis & Synthesis Summary
  3. Analysis & Synthesis Settings
  4. Parallel Compilation
  5. Analysis & Synthesis Source Files Read
  6. Analysis & Synthesis Resource Usage Summary
  7. Analysis & Synthesis Resource Utilization by Entity
  8. General Register Statistics
  9. Parameter Settings for User Entity Instance: registradorGenerico:Registrador_PC
 10. Parameter Settings for User Entity Instance: memoriaROM:memoriaROM
 11. Port Connectivity Checks: "mux4x1_9Bits:mux4x1"
 12. Port Connectivity Checks: "registradorGenerico:Registrador_PC"
 13. Post-Synthesis Netlist Statistics for Top Partition
 14. Elapsed Time Per Partition
 15. Analysis & Synthesis Messages



----------------
; Legal Notice ;
----------------
Copyright (C) 2018  Intel Corporation. All rights reserved.
Your use of Intel Corporation's design tools, logic functions 
and other software and tools, and its AMPP partner logic 
functions, and any output files from any of the foregoing 
(including device programming or simulation files), and any 
associated documentation or information are expressly subject 
to the terms and conditions of the Intel Program License 
Subscription Agreement, the Intel Quartus Prime License Agreement,
the Intel FPGA IP License Agreement, or other applicable license
agreement, including, without limitation, that your use is for
the sole purpose of programming logic devices manufactured by
Intel and sold by Intel or its authorized distributors.  Please
refer to the applicable agreement for further details.



+-------------------------------------------------------------------------------+
; Analysis & Synthesis Summary                                                  ;
+---------------------------------+---------------------------------------------+
; Analysis & Synthesis Status     ; Successful - Wed Nov 12 16:59:54 2025       ;
; Quartus Prime Version           ; 18.1.0 Build 625 09/12/2018 SJ Lite Edition ;
; Revision Name                   ; IARITH                                      ;
; Top-level Entity Name           ; IARITH                                      ;
; Family                          ; Cyclone V                                   ;
; Logic utilization (in ALMs)     ; N/A                                         ;
; Total registers                 ; 9                                           ;
; Total pins                      ; 38                                          ;
; Total virtual pins              ; 0                                           ;
; Total block memory bits         ; 0                                           ;
; Total DSP Blocks                ; 0                                           ;
; Total HSSI RX PCSs              ; 0                                           ;
; Total HSSI PMA RX Deserializers ; 0                                           ;
; Total HSSI TX PCSs              ; 0                                           ;
; Total HSSI PMA TX Serializers   ; 0                                           ;
; Total PLLs                      ; 0                                           ;
; Total DLLs                      ; 0                                           ;
+---------------------------------+---------------------------------------------+


+---------------------------------------------------------------------------------------------------------------------------+
; Analysis & Synthesis Settings                                                                                             ;
+---------------------------------------------------------------------------------+--------------------+--------------------+
; Option                                                                          ; Setting            ; Default Value      ;
+---------------------------------------------------------------------------------+--------------------+--------------------+
; Device                                                                          ; 5CEBA4F23C7        ;                    ;
; Top-level entity name                                                           ; IARITH             ; IARITH             ;
; Family name                                                                     ; Cyclone V          ; Cyclone V          ;
; Maximum processors allowed for parallel compilation                             ; All                ;                    ;
; VHDL Show LMF Mapping Messages                                                  ; Off                ;                    ;
; VHDL Version                                                                    ; VHDL_2008          ; VHDL_1993          ;
; Use smart compilation                                                           ; Off                ; Off                ;
; Enable parallel Assembler and Timing Analyzer during compilation                ; On                 ; On                 ;
; Enable compact report table                                                     ; Off                ; Off                ;
; Restructure Multiplexers                                                        ; Auto               ; Auto               ;
; MLAB Add Timing Constraints For Mixed-Port Feed-Through Mode Setting Don't Care ; Off                ; Off                ;
; Create Debugging Nodes for IP Cores                                             ; Off                ; Off                ;
; Preserve fewer node names                                                       ; On                 ; On                 ;
; Intel FPGA IP Evaluation Mode                                                   ; Enable             ; Enable             ;
; Verilog Version                                                                 ; Verilog_2001       ; Verilog_2001       ;
; State Machine Processing                                                        ; Auto               ; Auto               ;
; Safe State Machine                                                              ; Off                ; Off                ;
; Extract Verilog State Machines                                                  ; On                 ; On                 ;
; Extract VHDL State Machines                                                     ; On                 ; On                 ;
; Ignore Verilog initial constructs                                               ; Off                ; Off                ;
; Iteration limit for constant Verilog loops                                      ; 5000               ; 5000               ;
; Iteration limit for non-constant Verilog loops                                  ; 250                ; 250                ;
; Add Pass-Through Logic to Inferred RAMs                                         ; On                 ; On                 ;
; Infer RAMs from Raw Logic                                                       ; On                 ; On                 ;
; Parallel Synthesis                                                              ; On                 ; On                 ;
; DSP Block Balancing                                                             ; Auto               ; Auto               ;
; NOT Gate Push-Back                                                              ; On                 ; On                 ;
; Power-Up Don't Care                                                             ; On                 ; On                 ;
; Remove Redundant Logic Cells                                                    ; Off                ; Off                ;
; Remove Duplicate Registers                                                      ; On                 ; On                 ;
; Ignore CARRY Buffers                                                            ; Off                ; Off                ;
; Ignore CASCADE Buffers                                                          ; Off                ; Off                ;
; Ignore GLOBAL Buffers                                                           ; Off                ; Off                ;
; Ignore ROW GLOBAL Buffers                                                       ; Off                ; Off                ;
; Ignore LCELL Buffers                                                            ; Off                ; Off                ;
; Ignore SOFT Buffers                                                             ; On                 ; On                 ;
; Limit AHDL Integers to 32 Bits                                                  ; Off                ; Off                ;
; Optimization Technique                                                          ; Balanced           ; Balanced           ;
; Carry Chain Length                                                              ; 70                 ; 70                 ;
; Auto Carry Chains                                                               ; On                 ; On                 ;
; Auto Open-Drain Pins                                                            ; On                 ; On                 ;
; Perform WYSIWYG Primitive Resynthesis                                           ; Off                ; Off                ;
; Auto ROM Replacement                                                            ; On                 ; On                 ;
; Auto RAM Replacement                                                            ; On                 ; On                 ;
; Auto DSP Block Replacement                                                      ; On                 ; On                 ;
; Auto Shift Register Replacement                                                 ; Auto               ; Auto               ;
; Allow Shift Register Merging across Hierarchies                                 ; Auto               ; Auto               ;
; Auto Clock Enable Replacement                                                   ; On                 ; On                 ;
; Strict RAM Replacement                                                          ; Off                ; Off                ;
; Allow Synchronous Control Signals                                               ; On                 ; On                 ;
; Force Use of Synchronous Clear Signals                                          ; Off                ; Off                ;
; Auto Resource Sharing                                                           ; Off                ; Off                ;
; Allow Any RAM Size For Recognition                                              ; Off                ; Off                ;
; Allow Any ROM Size For Recognition                                              ; Off                ; Off                ;
; Allow Any Shift Register Size For Recognition                                   ; Off                ; Off                ;
; Use LogicLock Constraints during Resource Balancing                             ; On                 ; On                 ;
; Ignore translate_off and synthesis_off directives                               ; Off                ; Off                ;
; Timing-Driven Synthesis                                                         ; On                 ; On                 ;
; Report Parameter Settings                                                       ; On                 ; On                 ;
; Report Source Assignments                                                       ; On                 ; On                 ;
; Report Connectivity Checks                                                      ; On                 ; On                 ;
; Ignore Maximum Fan-Out Assignments                                              ; Off                ; Off                ;
; Synchronization Register Chain Length                                           ; 3                  ; 3                  ;
; Power Optimization During Synthesis                                             ; Normal compilation ; Normal compilation ;
; HDL message level                                                               ; Level2             ; Level2             ;
; Suppress Register Optimization Related Messages                                 ; Off                ; Off                ;
; Number of Removed Registers Reported in Synthesis Report                        ; 5000               ; 5000               ;
; Number of Swept Nodes Reported in Synthesis Report                              ; 5000               ; 5000               ;
; Number of Inverted Registers Reported in Synthesis Report                       ; 100                ; 100                ;
; Clock MUX Protection                                                            ; On                 ; On                 ;
; Auto Gated Clock Conversion                                                     ; Off                ; Off                ;
; Block Design Naming                                                             ; Auto               ; Auto               ;
; SDC constraint protection                                                       ; Off                ; Off                ;
; Synthesis Effort                                                                ; Auto               ; Auto               ;
; Shift Register Replacement - Allow Asynchronous Clear Signal                    ; On                 ; On                 ;
; Pre-Mapping Resynthesis Optimization                                            ; Off                ; Off                ;
; Analysis & Synthesis Message Level                                              ; Medium             ; Medium             ;
; Disable Register Merging Across Hierarchies                                     ; Auto               ; Auto               ;
; Resource Aware Inference For Block RAM                                          ; On                 ; On                 ;
; Automatic Parallel Synthesis                                                    ; On                 ; On                 ;
; Partial Reconfiguration Bitstream ID                                            ; Off                ; Off                ;
+---------------------------------------------------------------------------------+--------------------+--------------------+


+------------------------------------------+
; Parallel Compilation                     ;
+----------------------------+-------------+
; Processors                 ; Number      ;
+----------------------------+-------------+
; Number detected on machine ; 16          ;
; Maximum allowed            ; 8           ;
;                            ;             ;
; Average used               ; 1.00        ;
; Maximum used               ; 8           ;
;                            ;             ;
; Usage by Processor         ; % Time Used ;
;     Processor 1            ; 100.0%      ;
;     Processors 2-8         ;   0.0%      ;
+----------------------------+-------------+


+-------------------------------------------------------------------------------------------------------------------------------------------------------------+
; Analysis & Synthesis Source Files Read                                                                                                                      ;
+----------------------------------+-----------------+-----------------+----------------------------------------------------------------------------+---------+
; File Name with User-Entered Path ; Used in Netlist ; File Type       ; File Name with Absolute Path                                               ; Library ;
+----------------------------------+-----------------+-----------------+----------------------------------------------------------------------------+---------+
; IARITH.vhd                       ; yes             ; User VHDL File  ; C:/Users/Marcuxo/Desktop/IARITH/arquivos_quartus/IARITH.vhd                ;         ;
; mux4x1.vhd                       ; yes             ; User VHDL File  ; C:/Users/Marcuxo/Desktop/IARITH/arquivos_quartus/mux4x1.vhd                ;         ;
; somadorGenerico_MAis1.vhd        ; yes             ; User VHDL File  ; C:/Users/Marcuxo/Desktop/IARITH/arquivos_quartus/somadorGenerico_MAis1.vhd ;         ;
; memoriaROM.vhd                   ; yes             ; User VHDL File  ; C:/Users/Marcuxo/Desktop/IARITH/arquivos_quartus/memoriaROM.vhd            ;         ;
; registradorGenerico.vhd          ; yes             ; User VHDL File  ; C:/Users/Marcuxo/Desktop/IARITH/arquivos_quartus/registradorGenerico.vhd   ;         ;
+----------------------------------+-----------------+-----------------+----------------------------------------------------------------------------+---------+


+--------------------------------------------------------------+
; Analysis & Synthesis Resource Usage Summary                  ;
+---------------------------------------------+----------------+
; Resource                                    ; Usage          ;
+---------------------------------------------+----------------+
; Estimate of Logic utilization (ALMs needed) ; 8              ;
;                                             ;                ;
; Combinational ALUT usage for logic          ; 13             ;
;     -- 7 input functions                    ; 0              ;
;     -- 6 input functions                    ; 3              ;
;     -- 5 input functions                    ; 0              ;
;     -- 4 input functions                    ; 0              ;
;     -- <=3 input functions                  ; 10             ;
;                                             ;                ;
; Dedicated logic registers                   ; 9              ;
;                                             ;                ;
; I/O pins                                    ; 38             ;
;                                             ;                ;
; Total DSP Blocks                            ; 0              ;
;                                             ;                ;
; Maximum fan-out node                        ; CLOCK_50~input ;
; Maximum fan-out                             ; 9              ;
; Total fan-out                               ; 98             ;
; Average fan-out                             ; 1.00           ;
+---------------------------------------------+----------------+


+--------------------------------------------------------------------------------------------------------------------------------------------------------------------------------------------------------------------------------------+
; Analysis & Synthesis Resource Utilization by Entity                                                                                                                                                                                  ;
+-----------------------------------------+---------------------+---------------------------+-------------------+------------+------+--------------+--------------------------------------------+-----------------------+--------------+
; Compilation Hierarchy Node              ; Combinational ALUTs ; Dedicated Logic Registers ; Block Memory Bits ; DSP Blocks ; Pins ; Virtual Pins ; Full Hierarchy Name                        ; Entity Name           ; Library Name ;
+-----------------------------------------+---------------------+---------------------------+-------------------+------------+------+--------------+--------------------------------------------+-----------------------+--------------+
; |IARITH                                 ; 13 (0)              ; 9 (0)                     ; 0                 ; 0          ; 38   ; 0            ; |IARITH                                    ; IARITH                ; work         ;
;    |memoriaROM:memoriaROM|              ; 4 (4)               ; 0 (0)                     ; 0                 ; 0          ; 0    ; 0            ; |IARITH|memoriaROM:memoriaROM              ; memoriaROM            ; work         ;
;    |registradorGenerico:Registrador_PC| ; 0 (0)               ; 9 (9)                     ; 0                 ; 0          ; 0    ; 0            ; |IARITH|registradorGenerico:Registrador_PC ; registradorGenerico   ; work         ;
;    |somadorGenerico_Mais1:PC_Mais1|     ; 9 (9)               ; 0 (0)                     ; 0                 ; 0          ; 0    ; 0            ; |IARITH|somadorGenerico_Mais1:PC_Mais1     ; somadorGenerico_Mais1 ; work         ;
+-----------------------------------------+---------------------+---------------------------+-------------------+------------+------+--------------+--------------------------------------------+-----------------------+--------------+
Note: For table entries with two numbers listed, the numbers in parentheses indicate the number of resources of the given type used by the specific entity alone. The numbers listed outside of parentheses indicate the total resources of the given type used by the specific entity and all of its sub-entities in the hierarchy.


+------------------------------------------------------+
; General Register Statistics                          ;
+----------------------------------------------+-------+
; Statistic                                    ; Value ;
+----------------------------------------------+-------+
; Total registers                              ; 9     ;
; Number of registers using Synchronous Clear  ; 0     ;
; Number of registers using Synchronous Load   ; 0     ;
; Number of registers using Asynchronous Clear ; 0     ;
; Number of registers using Asynchronous Load  ; 0     ;
; Number of registers using Clock Enable       ; 0     ;
; Number of registers using Preset             ; 0     ;
+----------------------------------------------+-------+


+---------------------------------------------------------------------------------+
; Parameter Settings for User Entity Instance: registradorGenerico:Registrador_PC ;
+----------------+-------+--------------------------------------------------------+
; Parameter Name ; Value ; Type                                                   ;
+----------------+-------+--------------------------------------------------------+
; larguradados   ; 9     ; Signed Integer                                         ;
+----------------+-------+--------------------------------------------------------+
Note: In order to hide this table in the UI and the text report file, please set the "Show Parameter Settings in Synthesis Report" option in "Analysis and Synthesis Settings -> More Settings" to "Off".


+--------------------------------------------------------------------+
; Parameter Settings for User Entity Instance: memoriaROM:memoriaROM ;
+----------------+-------+-------------------------------------------+
; Parameter Name ; Value ; Type                                      ;
+----------------+-------+-------------------------------------------+
; datawidth      ; 13    ; Signed Integer                            ;
; addrwidth      ; 9     ; Signed Integer                            ;
+----------------+-------+-------------------------------------------+
Note: In order to hide this table in the UI and the text report file, please set the "Show Parameter Settings in Synthesis Report" option in "Analysis and Synthesis Settings -> More Settings" to "Off".


+------------------------------------------------------+
; Port Connectivity Checks: "mux4x1_9Bits:mux4x1"      ;
+--------------------+-------+----------+--------------+
; Port               ; Type  ; Severity ; Details      ;
+--------------------+-------+----------+--------------+
; entradab_mux[1..0] ; Input ; Info     ; Stuck at VCC ;
; entradab_mux[8..4] ; Input ; Info     ; Stuck at GND ;
; entradab_mux[3]    ; Input ; Info     ; Stuck at VCC ;
; entradab_mux[2]    ; Input ; Info     ; Stuck at GND ;
; entradac_mux[3..2] ; Input ; Info     ; Stuck at VCC ;
; entradac_mux[8..4] ; Input ; Info     ; Stuck at GND ;
; entradac_mux[1..0] ; Input ; Info     ; Stuck at GND ;
; entradad_mux[3..2] ; Input ; Info     ; Stuck at VCC ;
; entradad_mux[8..4] ; Input ; Info     ; Stuck at GND ;
; entradad_mux[1]    ; Input ; Info     ; Stuck at GND ;
; entradad_mux[0]    ; Input ; Info     ; Stuck at VCC ;
; seletor_mux        ; Input ; Info     ; Stuck at GND ;
+--------------------+-------+----------+--------------+


+----------------------------------------------------------------+
; Port Connectivity Checks: "registradorGenerico:Registrador_PC" ;
+--------+-------+----------+------------------------------------+
; Port   ; Type  ; Severity ; Details                            ;
+--------+-------+----------+------------------------------------+
; enable ; Input ; Info     ; Stuck at VCC                       ;
; rst    ; Input ; Info     ; Stuck at GND                       ;
+--------+-------+----------+------------------------------------+


+-----------------------------------------------------+
; Post-Synthesis Netlist Statistics for Top Partition ;
+-----------------------+-----------------------------+
; Type                  ; Count                       ;
+-----------------------+-----------------------------+
; arriav_ff             ; 9                           ;
;     plain             ; 9                           ;
; arriav_lcell_comb     ; 14                          ;
;     arith             ; 9                           ;
;         1 data inputs ; 9                           ;
;     normal            ; 5                           ;
;         0 data inputs ; 1                           ;
;         2 data inputs ; 1                           ;
;         6 data inputs ; 3                           ;
; boundary_port         ; 38                          ;
;                       ;                             ;
; Max LUT depth         ; 3.40                        ;
; Average LUT depth     ; 2.71                        ;
+-----------------------+-----------------------------+


+-------------------------------+
; Elapsed Time Per Partition    ;
+----------------+--------------+
; Partition Name ; Elapsed Time ;
+----------------+--------------+
; Top            ; 00:00:00     ;
+----------------+--------------+


+-------------------------------+
; Analysis & Synthesis Messages ;
+-------------------------------+
Info: *******************************************************************
Info: Running Quartus Prime Analysis & Synthesis
    Info: Version 18.1.0 Build 625 09/12/2018 SJ Lite Edition
    Info: Processing started: Wed Nov 12 16:59:43 2025
Info: Command: quartus_map --read_settings_files=on --write_settings_files=off IARITH -c IARITH
Info (20030): Parallel compilation is enabled and will use 8 of the 8 processors detected
Info (12021): Found 2 design units, including 1 entities, in source file flipflop.vhd
    Info (12022): Found design unit 1: flipFlop-comportamento File: C:/Users/Marcuxo/Desktop/IARITH/arquivos_quartus/flipFlop.vhd Line: 13
    Info (12023): Found entity 1: flipFlop File: C:/Users/Marcuxo/Desktop/IARITH/arquivos_quartus/flipFlop.vhd Line: 4
Info (12021): Found 2 design units, including 1 entities, in source file iarith.vhd
    Info (12022): Found design unit 1: IARITH-comportamento File: C:/Users/Marcuxo/Desktop/IARITH/arquivos_quartus/IARITH.vhd Line: 19
    Info (12023): Found entity 1: IARITH File: C:/Users/Marcuxo/Desktop/IARITH/arquivos_quartus/IARITH.vhd Line: 5
Info (12021): Found 2 design units, including 1 entities, in source file mux4x1.vhd
    Info (12022): Found design unit 1: mux4x1_9Bits-comportamento File: C:/Users/Marcuxo/Desktop/IARITH/arquivos_quartus/mux4x1.vhd Line: 14
    Info (12023): Found entity 1: mux4x1_9Bits File: C:/Users/Marcuxo/Desktop/IARITH/arquivos_quartus/mux4x1.vhd Line: 4
Info (12021): Found 2 design units, including 1 entities, in source file somadorgenerico_mais1.vhd
    Info (12022): Found design unit 1: somadorGenerico_Mais1-comportamento File: C:/Users/Marcuxo/Desktop/IARITH/arquivos_quartus/somadorGenerico_MAis1.vhd Line: 13
    Info (12023): Found entity 1: somadorGenerico_Mais1 File: C:/Users/Marcuxo/Desktop/IARITH/arquivos_quartus/somadorGenerico_MAis1.vhd Line: 5
Info (12021): Found 2 design units, including 1 entities, in source file memoriarom.vhd
    Info (12022): Found design unit 1: memoriaROM-assincrona File: C:/Users/Marcuxo/Desktop/IARITH/arquivos_quartus/memoriaROM.vhd Line: 16
    Info (12023): Found entity 1: memoriaROM File: C:/Users/Marcuxo/Desktop/IARITH/arquivos_quartus/memoriaROM.vhd Line: 5
Info (12021): Found 2 design units, including 1 entities, in source file registradorgenerico.vhd
    Info (12022): Found design unit 1: registradorGenerico-comportamento File: C:/Users/Marcuxo/Desktop/IARITH/arquivos_quartus/registradorGenerico.vhd Line: 15
    Info (12023): Found entity 1: registradorGenerico File: C:/Users/Marcuxo/Desktop/IARITH/arquivos_quartus/registradorGenerico.vhd Line: 4
Info (12127): Elaborating entity "IARITH" for the top level hierarchy
Warning (10541): VHDL Signal Declaration warning at IARITH.vhd(11): used implicit default value for signal "DATA_IN" because signal was never assigned a value or an explicit default value. Use of implicit default value may introduce unintended design optimizations. File: C:/Users/Marcuxo/Desktop/IARITH/arquivos_quartus/IARITH.vhd Line: 11
Warning (10541): VHDL Signal Declaration warning at IARITH.vhd(12): used implicit default value for signal "DATA_OUT" because signal was never assigned a value or an explicit default value. Use of implicit default value may introduce unintended design optimizations. File: C:/Users/Marcuxo/Desktop/IARITH/arquivos_quartus/IARITH.vhd Line: 12
Warning (10541): VHDL Signal Declaration warning at IARITH.vhd(13): used implicit default value for signal "ADDRESS" because signal was never assigned a value or an explicit default value. Use of implicit default value may introduce unintended design optimizations. File: C:/Users/Marcuxo/Desktop/IARITH/arquivos_quartus/IARITH.vhd Line: 13
Info (12128): Elaborating entity "registradorGenerico" for hierarchy "registradorGenerico:Registrador_PC" File: C:/Users/Marcuxo/Desktop/IARITH/arquivos_quartus/IARITH.vhd Line: 31
Info (12128): Elaborating entity "somadorGenerico_Mais1" for hierarchy "somadorGenerico_Mais1:PC_Mais1" File: C:/Users/Marcuxo/Desktop/IARITH/arquivos_quartus/IARITH.vhd Line: 41
Info (12128): Elaborating entity "memoriaROM" for hierarchy "memoriaROM:memoriaROM" File: C:/Users/Marcuxo/Desktop/IARITH/arquivos_quartus/IARITH.vhd Line: 46
Info (12128): Elaborating entity "mux4x1_9Bits" for hierarchy "mux4x1_9Bits:mux4x1" File: C:/Users/Marcuxo/Desktop/IARITH/arquivos_quartus/IARITH.vhd Line: 52
Info (10041): Inferred latch for "saida_MUX[0]" at mux4x1.vhd(18) File: C:/Users/Marcuxo/Desktop/IARITH/arquivos_quartus/mux4x1.vhd Line: 18
Info (10041): Inferred latch for "saida_MUX[1]" at mux4x1.vhd(18) File: C:/Users/Marcuxo/Desktop/IARITH/arquivos_quartus/mux4x1.vhd Line: 18
Info (10041): Inferred latch for "saida_MUX[2]" at mux4x1.vhd(18) File: C:/Users/Marcuxo/Desktop/IARITH/arquivos_quartus/mux4x1.vhd Line: 18
Info (10041): Inferred latch for "saida_MUX[3]" at mux4x1.vhd(18) File: C:/Users/Marcuxo/Desktop/IARITH/arquivos_quartus/mux4x1.vhd Line: 18
Info (10041): Inferred latch for "saida_MUX[4]" at mux4x1.vhd(18) File: C:/Users/Marcuxo/Desktop/IARITH/arquivos_quartus/mux4x1.vhd Line: 18
Info (10041): Inferred latch for "saida_MUX[5]" at mux4x1.vhd(18) File: C:/Users/Marcuxo/Desktop/IARITH/arquivos_quartus/mux4x1.vhd Line: 18
Info (10041): Inferred latch for "saida_MUX[6]" at mux4x1.vhd(18) File: C:/Users/Marcuxo/Desktop/IARITH/arquivos_quartus/mux4x1.vhd Line: 18
Info (10041): Inferred latch for "saida_MUX[7]" at mux4x1.vhd(18) File: C:/Users/Marcuxo/Desktop/IARITH/arquivos_quartus/mux4x1.vhd Line: 18
Info (10041): Inferred latch for "saida_MUX[8]" at mux4x1.vhd(18) File: C:/Users/Marcuxo/Desktop/IARITH/arquivos_quartus/mux4x1.vhd Line: 18
Info (276014): Found 1 instances of uninferred RAM logic
    Info (276007): RAM logic "memoriaROM:memoriaROM|memROM" is uninferred due to asynchronous read logic File: C:/Users/Marcuxo/Desktop/IARITH/arquivos_quartus/memoriaROM.vhd Line: 35
Warning (14026): LATCH primitive "mux4x1_9Bits:mux4x1|saida_MUX[0]" is permanently enabled File: C:/Users/Marcuxo/Desktop/IARITH/arquivos_quartus/mux4x1.vhd Line: 18
Warning (14026): LATCH primitive "mux4x1_9Bits:mux4x1|saida_MUX[1]" is permanently enabled File: C:/Users/Marcuxo/Desktop/IARITH/arquivos_quartus/mux4x1.vhd Line: 18
Warning (14026): LATCH primitive "mux4x1_9Bits:mux4x1|saida_MUX[2]" is permanently enabled File: C:/Users/Marcuxo/Desktop/IARITH/arquivos_quartus/mux4x1.vhd Line: 18
Warning (14026): LATCH primitive "mux4x1_9Bits:mux4x1|saida_MUX[3]" is permanently enabled File: C:/Users/Marcuxo/Desktop/IARITH/arquivos_quartus/mux4x1.vhd Line: 18
Warning (14026): LATCH primitive "mux4x1_9Bits:mux4x1|saida_MUX[4]" is permanently enabled File: C:/Users/Marcuxo/Desktop/IARITH/arquivos_quartus/mux4x1.vhd Line: 18
Warning (14026): LATCH primitive "mux4x1_9Bits:mux4x1|saida_MUX[5]" is permanently enabled File: C:/Users/Marcuxo/Desktop/IARITH/arquivos_quartus/mux4x1.vhd Line: 18
Warning (14026): LATCH primitive "mux4x1_9Bits:mux4x1|saida_MUX[6]" is permanently enabled File: C:/Users/Marcuxo/Desktop/IARITH/arquivos_quartus/mux4x1.vhd Line: 18
Warning (14026): LATCH primitive "mux4x1_9Bits:mux4x1|saida_MUX[7]" is permanently enabled File: C:/Users/Marcuxo/Desktop/IARITH/arquivos_quartus/mux4x1.vhd Line: 18
Warning (14026): LATCH primitive "mux4x1_9Bits:mux4x1|saida_MUX[8]" is permanently enabled File: C:/Users/Marcuxo/Desktop/IARITH/arquivos_quartus/mux4x1.vhd Line: 18
Warning (13024): Output pins are stuck at VCC or GND
    Warning (13410): Pin "INSTRUCAO[3]" is stuck at GND File: C:/Users/Marcuxo/Desktop/IARITH/arquivos_quartus/IARITH.vhd Line: 10
    Warning (13410): Pin "INSTRUCAO[4]" is stuck at GND File: C:/Users/Marcuxo/Desktop/IARITH/arquivos_quartus/IARITH.vhd Line: 10
    Warning (13410): Pin "INSTRUCAO[5]" is stuck at GND File: C:/Users/Marcuxo/Desktop/IARITH/arquivos_quartus/IARITH.vhd Line: 10
    Warning (13410): Pin "INSTRUCAO[6]" is stuck at GND File: C:/Users/Marcuxo/Desktop/IARITH/arquivos_quartus/IARITH.vhd Line: 10
    Warning (13410): Pin "INSTRUCAO[7]" is stuck at GND File: C:/Users/Marcuxo/Desktop/IARITH/arquivos_quartus/IARITH.vhd Line: 10
    Warning (13410): Pin "INSTRUCAO[8]" is stuck at GND File: C:/Users/Marcuxo/Desktop/IARITH/arquivos_quartus/IARITH.vhd Line: 10
    Warning (13410): Pin "INSTRUCAO[11]" is stuck at GND File: C:/Users/Marcuxo/Desktop/IARITH/arquivos_quartus/IARITH.vhd Line: 10
    Warning (13410): Pin "INSTRUCAO[12]" is stuck at GND File: C:/Users/Marcuxo/Desktop/IARITH/arquivos_quartus/IARITH.vhd Line: 10
    Warning (13410): Pin "DATA_IN[0]" is stuck at GND File: C:/Users/Marcuxo/Desktop/IARITH/arquivos_quartus/IARITH.vhd Line: 11
    Warning (13410): Pin "DATA_IN[1]" is stuck at GND File: C:/Users/Marcuxo/Desktop/IARITH/arquivos_quartus/IARITH.vhd Line: 11
    Warning (13410): Pin "DATA_IN[2]" is stuck at GND File: C:/Users/Marcuxo/Desktop/IARITH/arquivos_quartus/IARITH.vhd Line: 11
    Warning (13410): Pin "DATA_IN[3]" is stuck at GND File: C:/Users/Marcuxo/Desktop/IARITH/arquivos_quartus/IARITH.vhd Line: 11
    Warning (13410): Pin "DATA_IN[4]" is stuck at GND File: C:/Users/Marcuxo/Desktop/IARITH/arquivos_quartus/IARITH.vhd Line: 11
    Warning (13410): Pin "DATA_IN[5]" is stuck at GND File: C:/Users/Marcuxo/Desktop/IARITH/arquivos_quartus/IARITH.vhd Line: 11
    Warning (13410): Pin "DATA_IN[6]" is stuck at GND File: C:/Users/Marcuxo/Desktop/IARITH/arquivos_quartus/IARITH.vhd Line: 11
    Warning (13410): Pin "DATA_IN[7]" is stuck at GND File: C:/Users/Marcuxo/Desktop/IARITH/arquivos_quartus/IARITH.vhd Line: 11
    Warning (13410): Pin "DATA_OUT[0]" is stuck at GND File: C:/Users/Marcuxo/Desktop/IARITH/arquivos_quartus/IARITH.vhd Line: 12
    Warning (13410): Pin "DATA_OUT[1]" is stuck at GND File: C:/Users/Marcuxo/Desktop/IARITH/arquivos_quartus/IARITH.vhd Line: 12
    Warning (13410): Pin "DATA_OUT[2]" is stuck at GND File: C:/Users/Marcuxo/Desktop/IARITH/arquivos_quartus/IARITH.vhd Line: 12
    Warning (13410): Pin "DATA_OUT[3]" is stuck at GND File: C:/Users/Marcuxo/Desktop/IARITH/arquivos_quartus/IARITH.vhd Line: 12
    Warning (13410): Pin "DATA_OUT[4]" is stuck at GND File: C:/Users/Marcuxo/Desktop/IARITH/arquivos_quartus/IARITH.vhd Line: 12
    Warning (13410): Pin "DATA_OUT[5]" is stuck at GND File: C:/Users/Marcuxo/Desktop/IARITH/arquivos_quartus/IARITH.vhd Line: 12
    Warning (13410): Pin "DATA_OUT[6]" is stuck at GND File: C:/Users/Marcuxo/Desktop/IARITH/arquivos_quartus/IARITH.vhd Line: 12
    Warning (13410): Pin "DATA_OUT[7]" is stuck at GND File: C:/Users/Marcuxo/Desktop/IARITH/arquivos_quartus/IARITH.vhd Line: 12
    Warning (13410): Pin "ADDRESS[0]" is stuck at GND File: C:/Users/Marcuxo/Desktop/IARITH/arquivos_quartus/IARITH.vhd Line: 13
    Warning (13410): Pin "ADDRESS[1]" is stuck at GND File: C:/Users/Marcuxo/Desktop/IARITH/arquivos_quartus/IARITH.vhd Line: 13
    Warning (13410): Pin "ADDRESS[2]" is stuck at GND File: C:/Users/Marcuxo/Desktop/IARITH/arquivos_quartus/IARITH.vhd Line: 13
    Warning (13410): Pin "ADDRESS[3]" is stuck at GND File: C:/Users/Marcuxo/Desktop/IARITH/arquivos_quartus/IARITH.vhd Line: 13
    Warning (13410): Pin "ADDRESS[4]" is stuck at GND File: C:/Users/Marcuxo/Desktop/IARITH/arquivos_quartus/IARITH.vhd Line: 13
    Warning (13410): Pin "ADDRESS[5]" is stuck at GND File: C:/Users/Marcuxo/Desktop/IARITH/arquivos_quartus/IARITH.vhd Line: 13
    Warning (13410): Pin "ADDRESS[6]" is stuck at GND File: C:/Users/Marcuxo/Desktop/IARITH/arquivos_quartus/IARITH.vhd Line: 13
    Warning (13410): Pin "ADDRESS[7]" is stuck at GND File: C:/Users/Marcuxo/Desktop/IARITH/arquivos_quartus/IARITH.vhd Line: 13
Info (286030): Timing-Driven Synthesis is running
Info (16010): Generating hard_block partition "hard_block:auto_generated_inst"
    Info (16011): Adding 0 node(s), including 0 DDIO, 0 PLL, 0 transceiver and 0 LCELL
Info (21057): Implemented 60 device resources after synthesis - the final resource count might be different
    Info (21058): Implemented 1 input pins
    Info (21059): Implemented 37 output pins
    Info (21061): Implemented 22 logic cells
Info: Quartus Prime Analysis & Synthesis was successful. 0 errors, 45 warnings
    Info: Peak virtual memory: 4898 megabytes
    Info: Processing ended: Wed Nov 12 16:59:54 2025
    Info: Elapsed time: 00:00:11
    Info: Total CPU time (on all processors): 00:00:24


